<?xml version="1.0" encoding="UTF-8"?>
<!-- Generated by org.testng.reporters.JUnitReportReporter -->
<testsuite hostname="WIN-DNRKP4M9RCN" failures="0" tests="8" name="RestAssured.TestDemoRestAPI" time="0.462" errors="0" timestamp="2023-05-01T23:29:30 EEST" skipped="0">
  <testcase classname="RestAssured.TestDemoRestAPI" name="getLastIdMethod" time="0.038"/>
  <system-out/>
  <testcase classname="RestAssured.TestDemoRestAPI" name="deleteMethod" time="0.042"/>
  <system-out/>
  <testcase classname="RestAssured.TestDemoRestAPI" name="postMethodRandomID" time="0.062"/>
  <system-out/>
  <testcase classname="RestAssured.TestDemoRestAPI" name="postMethodFromFile" time="0.031"/>
  <system-out/>
  <testcase classname="RestAssured.TestDemoRestAPI" name="postMethodFromFolder" time="0.087"/>
  <system-out/>
  <testcase classname="RestAssured.TestDemoRestAPI" name="putMethod" time="0.066"/>
  <system-out/>
  <testcase classname="RestAssured.TestDemoRestAPI" name="postMethodRandomIDAndDelete" time="0.074"/>
  <system-out/>
  <testcase classname="RestAssured.TestDemoRestAPI" name="getAllMethod" time="0.062"/>
  <system-out/>
</testsuite> <!-- RestAssured.TestDemoRestAPI -->
