<?xml version="1.0" encoding="UTF-8"?>
<!-- Generated by org.testng.reporters.JUnitReportReporter -->
<testsuite hostname="WIN-DNRKP4M9RCN" failures="0" tests="1" name="RestAssured.misc.TestSOAP" time="1.000" errors="0" timestamp="2023-05-02T02:35:14 EEST" skipped="0">
  <testcase classname="RestAssured.misc.TestSOAP" name="getMethod" time="1.000"/>
  <system-out/>
</testsuite> <!-- RestAssured.misc.TestSOAP -->
