<?xml version="1.0" encoding="UTF-8"?>
<!-- Generated by org.testng.reporters.JUnitReportReporter -->
<testsuite hostname="WIN-DNRKP4M9RCN" failures="0" tests="8" name="RestAssured.TestDemoRestAPI" time="0.487" errors="0" timestamp="2023-05-02T02:35:14 EEST" skipped="0">
  <testcase classname="RestAssured.TestDemoRestAPI" name="getLastIdMethod" time="0.045"/>
  <system-out/>
  <testcase classname="RestAssured.TestDemoRestAPI" name="deleteMethod" time="0.036"/>
  <system-out/>
  <testcase classname="RestAssured.TestDemoRestAPI" name="postMethodRandomID" time="0.062"/>
  <system-out/>
  <testcase classname="RestAssured.TestDemoRestAPI" name="postMethodFromFile" time="0.041"/>
  <system-out/>
  <testcase classname="RestAssured.TestDemoRestAPI" name="postMethodFromFolder" time="0.079"/>
  <system-out/>
  <testcase classname="RestAssured.TestDemoRestAPI" name="putMethod" time="0.071"/>
  <system-out/>
  <testcase classname="RestAssured.TestDemoRestAPI" name="postMethodRandomIDAndDelete" time="0.067"/>
  <system-out/>
  <testcase classname="RestAssured.TestDemoRestAPI" name="getAllMethod" time="0.086"/>
  <system-out/>
</testsuite> <!-- RestAssured.TestDemoRestAPI -->
