<?xml version="1.0" encoding="UTF-8"?>
<!-- Generated by org.testng.reporters.JUnitReportReporter -->
<testsuite hostname="WIN-DNRKP4M9RCN" failures="0" tests="1" name="RestAssured.TestPostAndReceiveJavaObject" time="0.078" errors="0" timestamp="2023-05-01T23:29:30 EEST" skipped="0">
  <testcase classname="RestAssured.TestPostAndReceiveJavaObject" name="postAndReceiveMethod" time="0.078"/>
  <system-out/>
</testsuite> <!-- RestAssured.TestPostAndReceiveJavaObject -->
