<?xml version="1.0" encoding="UTF-8"?>
<!-- Generated by org.testng.reporters.JUnitReportReporter -->
<testsuite hostname="WIN-DNRKP4M9RCN" failures="0" tests="8" name="RestAssured.TestDemoRestAPI" time="0.702" errors="0" timestamp="2023-05-02T11:06:08 EEST" skipped="0">
  <testcase classname="RestAssured.TestDemoRestAPI" name="getLastIdMethod" time="0.042"/>
  <system-out/>
  <testcase classname="RestAssured.TestDemoRestAPI" name="deleteMethod" time="0.025"/>
  <system-out/>
  <testcase classname="RestAssured.TestDemoRestAPI" name="postMethodRandomID" time="0.304"/>
  <system-out/>
  <testcase classname="RestAssured.TestDemoRestAPI" name="postMethodFromFile" time="0.023"/>
  <system-out/>
  <testcase classname="RestAssured.TestDemoRestAPI" name="postMethodFromFolder" time="0.092"/>
  <system-out/>
  <testcase classname="RestAssured.TestDemoRestAPI" name="putMethod" time="0.067"/>
  <system-out/>
  <testcase classname="RestAssured.TestDemoRestAPI" name="postMethodRandomIDAndDelete" time="0.073"/>
  <system-out/>
  <testcase classname="RestAssured.TestDemoRestAPI" name="getAllMethod" time="0.076"/>
  <system-out/>
</testsuite> <!-- RestAssured.TestDemoRestAPI -->
