<?xml version="1.0" encoding="UTF-8"?>
<!-- Generated by org.testng.reporters.JUnitReportReporter -->
<testsuite hostname="WIN-DNRKP4M9RCN" failures="0" tests="1" name="RestAssured.TestPostJavaObject" time="0.030" errors="0" timestamp="2023-05-02T11:06:08 EEST" skipped="0">
  <testcase classname="RestAssured.TestPostJavaObject" name="postMethod" time="0.030"/>
  <system-out/>
</testsuite> <!-- RestAssured.TestPostJavaObject -->
