<?xml version="1.0" encoding="UTF-8"?>
<!-- Generated by org.testng.reporters.JUnitReportReporter -->
<testsuite hostname="WIN-DNRKP4M9RCN" failures="0" tests="2" name="HttpClient.TestRestAPI" time="0.890" errors="0" timestamp="2023-05-01T23:29:30 EEST" skipped="0">
  <testcase classname="HttpClient.TestRestAPI" name="getMethod" time="0.849"/>
  <system-out/>
  <testcase classname="HttpClient.TestRestAPI" name="postMethod" time="0.041"/>
  <system-out/>
</testsuite> <!-- HttpClient.TestRestAPI -->
